<?xml version="1.0" encoding="UTF-8"?>
<testsuite name="LuhnTest" tests="17" skipped="0" failures="0" errors="0" timestamp="2020-05-14T15:04:40" hostname="ManIsntFromSystem" time="0.075">
  <properties/>
  <testcase name="valid | even amount of digits" classname="LuhnTest" time="0.061"/>
  <testcase name="invalid | symbols in valid" classname="LuhnTest" time="0.001"/>
  <testcase name="invalid | a single zero" classname="LuhnTest" time="0.0"/>
  <testcase name="invalid | single zero with space" classname="LuhnTest" time="0.001"/>
  <testcase name="valid | Canadian" classname="LuhnTest" time="0.001"/>
  <testcase name="valid | many zeros" classname="LuhnTest" time="0.0"/>
  <testcase name="invalid | ascii value for non-doubled non-digit in the middle" classname="LuhnTest" time="0.0"/>
  <testcase name="valid | odd amount of spaces" classname="LuhnTest" time="0.001"/>
  <testcase name="valid | simple reversable" classname="LuhnTest" time="0.001"/>
  <testcase name="invalid | Canadian" classname="LuhnTest" time="0.001"/>
  <testcase name="valid | input digit 9" classname="LuhnTest" time="0.001"/>
  <testcase name="invalid | punctuation in valid" classname="LuhnTest" time="0.0"/>
  <testcase name="invalid | single digit" classname="LuhnTest" time="0.0"/>
  <testcase name="invalid | non-digit at the end of valid" classname="LuhnTest" time="0.0"/>
  <testcase name="invalid | credit card" classname="LuhnTest" time="0.001"/>
  <testcase name="valid | simple unreversable" classname="LuhnTest" time="0.001"/>
  <testcase name="invalid | ascii value for non-doubled non-digit at the start" classname="LuhnTest" time="0.001"/>
  <system-out><![CDATA[[8, 7, 5, 8, 2, 1, 9, 0]
[5, 7, 2, 8, 4, 8, 5, 1, 0]
[0, 0, 0, 0, 0]
[4, 6, 2, 2, 9, 7, 7, 3, 5, 8, 3, 4]
[9, 1, 0]
[6, 7, 2, 8, 4, 8, 5, 1, 0]
[1, 9, 0]
[9, 3, 5, 0, 2, 1, 3, 5, 2, 6, 2, 2, 3, 5, 2, 7]
[9, 1]
]]></system-out>
  <system-err><![CDATA[]]></system-err>
</testsuite>
