<?xml version="1.0" encoding="UTF-8"?>
<testsuite name="HammingTest" tests="7" skipped="0" failures="0" errors="0" timestamp="2020-05-14T15:43:25" hostname="ManIsntFromSystem" time="0.054">
  <properties/>
  <testcase name="single letter identical strands" classname="HammingTest" time="0.035"/>
  <testcase name="empty strands" classname="HammingTest" time="0.0"/>
  <testcase name="long different strands" classname="HammingTest" time="0.0"/>
  <testcase name="disallow first strand longer" classname="HammingTest" time="0.015"/>
  <testcase name="long identical strands" classname="HammingTest" time="0.0"/>
  <testcase name="disallow second strand longer" classname="HammingTest" time="0.001"/>
  <testcase name="single letter different strands" classname="HammingTest" time="0.0"/>
  <system-out><![CDATA[]]></system-out>
  <system-err><![CDATA[]]></system-err>
</testsuite>
