<?xml version="1.0" encoding="UTF-8"?>
<testsuite name="SieveTest" tests="4" skipped="0" failures="0" errors="0" timestamp="2020-05-18T17:50:38" hostname="ManIsntFromSystem" time="0.056">
  <properties/>
  <testcase name="findFirstPrime" classname="SieveTest" time="0.036"/>
  <testcase name="noPrimesUnder2" classname="SieveTest" time="0.001"/>
  <testcase name="findPrimesUpTo1000" classname="SieveTest" time="0.016"/>
  <testcase name="findPrimesUpTo10" classname="SieveTest" time="0.0"/>
  <system-out><![CDATA[]]></system-out>
  <system-err><![CDATA[]]></system-err>
</testsuite>
