<?xml version="1.0" encoding="UTF-8"?>
<testsuite name="CollatzCalculatorTest" tests="6" skipped="0" failures="0" errors="0" timestamp="2020-05-19T12:13:54" hostname="ManIsntFromSystem" time="0.032">
  <properties/>
  <testcase name="even and odd steps" classname="CollatzCalculatorTest" time="0.028"/>
  <testcase name="invalid input | zero" classname="CollatzCalculatorTest" time="0.0"/>
  <testcase name="divide if even" classname="CollatzCalculatorTest" time="0.0"/>
  <testcase name="invalid input | negative" classname="CollatzCalculatorTest" time="0.001"/>
  <testcase name="zero steps for 1" classname="CollatzCalculatorTest" time="0.0"/>
  <testcase name="large number of even and odd steps" classname="CollatzCalculatorTest" time="0.0"/>
  <system-out><![CDATA[]]></system-out>
  <system-err><![CDATA[]]></system-err>
</testsuite>
